Command line:
   MinAbs8_isim_beh.exe
     -simmode  gui
     -simrunnum  0
     -socket  63679

Sun Jul 23 14:42:45 2017


 Elaboration Time: 0.062401 sec

 Current Memory Usage: 667.488 Meg

 Total Signals          : 826
 Total Nets             : 393
 Total Signal Drivers   : 299
 Total Blocks           : 153
 Total Primitive Blocks : 96
 Total Processes        : 227
 Total Traceable Variables  : 54
 Total Scalar Nets and Variables : 813
Total Line Count : 299

 Total Simulation Time: 0.078001 sec

 Current Memory Usage: 667.488 Meg

Sun Jul 23 14:42:47 2017

