Command line:
   Max_isim_beh.exe
     -simmode  gui
     -simrunnum  0
     -socket  62001

Sun Jul 23 11:13:33 2017


 Elaboration Time: 0.0624 sec

 Current Memory Usage: 667.488 Meg

 Total Signals          : 888
 Total Nets             : 385
 Total Signal Drivers   : 311
 Total Blocks           : 169
 Total Primitive Blocks : 113
 Total Processes        : 239
 Total Traceable Variables  : 68
 Total Scalar Nets and Variables : 805
Total Line Count : 311

 Total Simulation Time: 0.140401 sec

 Current Memory Usage: 667.488 Meg

Sun Jul 23 11:13:57 2017

