Command line:
   Multiplexer16_isim_beh.exe
     -simmode  gui
     -simrunnum  0
     -socket  58696

Sun Jul 23 11:02:55 2017


 Elaboration Time: 0.0312 sec

 Current Memory Usage: 663.294 Meg

 Total Signals          : 68
 Total Nets             : 49
 Total Signal Drivers   : 16
 Total Blocks           : 18
 Total Primitive Blocks : 17
 Total Processes        : 16
 Total Traceable Variables  : 25
 Total Scalar Nets and Variables : 426
Total Line Count : 16

 Total Simulation Time: 0.078 sec

 Current Memory Usage: 663.294 Meg

Sun Jul 23 11:09:53 2017

