Command line:
   MinAbs_isim_beh.exe
     -simmode  gui
     -simrunnum  0
     -socket  58394

Sun Jul 23 12:48:25 2017


 Elaboration Time: 0.0468 sec

 Current Memory Usage: 675.877 Meg

 Total Signals          : 2526
 Total Nets             : 1124
 Total Signal Drivers   : 904
 Total Blocks           : 470
 Total Primitive Blocks : 305
 Total Processes        : 688
 Total Traceable Variables  : 155
 Total Scalar Nets and Variables : 1661
Total Line Count : 904

 Total Simulation Time: 0.124801 sec

 Current Memory Usage: 675.877 Meg

Sun Jul 23 12:50:33 2017

