Command line:
   CSA16_isim_beh.exe
     -simmode  gui
     -simrunnum  0
     -socket  50063

Sat Jul 22 15:44:04 2017


 Elaboration Time: 0.046801 sec

 Current Memory Usage: 667.488 Meg

 Total Signals          : 809
 Total Nets             : 353
 Total Signal Drivers   : 294
 Total Blocks           : 150
 Total Primitive Blocks : 97
 Total Processes        : 222
 Total Traceable Variables  : 49
 Total Scalar Nets and Variables : 754
Total Line Count : 294

 Total Simulation Time: 0.062401 sec

 Current Memory Usage: 982.061 Meg

Sat Jul 22 15:45:25 2017

