ISim log file
Running: C:\Users\JFPS\Documents\GitHub\VHDLultimate\SE\VHDLAdderMultiplier\MultiplicadorSomador8_isim_beh.exe -intstyle ise -gui -tclbatch isim.cmd -wdb C:/Users/JFPS/Documents/GitHub/VHDLultimate/SE/VHDLAdderMultiplier/MultiplicadorSomador8_isim_beh.wdb 
ISim P.20131013 (signature 0x7708f090)
WARNING: A WEBPACK license was found.
WARNING: Please use Xilinx License Configuration Manager to check out a full ISim license.
WARNING: ISim will run in Lite mode. Please refer to the ISim documentation for more information on the differences between the Lite and the Full version.
This is a Lite version of ISim.
Time resolution is 1 ps
# onerror resume
# wave add /
# run 1000 ns
Simulator is doing circuit initialization process.
Finished circuit initialization process.
# isim force add /multiplicadorsomador8/x 10 -radix bin
# isim force add /multiplicadorsomador8/y 10 -radix bin
# isim force add /multiplicadorsomador8/clock 1 -radix bin -value 0 -radix bin -time 24 ps -repeat 48 ps
# isim force add /multiplicadorsomador8/clock 1 -radix bin -value 0 -radix bin -time 24 ns -repeat 48 ns
# run 1.00us
# isim force add /multiplicadorsomador8/clock 0 -radix bin -value 1 -radix bin -time 26 ns -repeat 52 ns
# restart
# run 1.00us
Simulator is doing circuit initialization process.
Finished circuit initialization process.
# isim force add /multiplicadorsomador8/x 10 -radix bin
# isim force add /multiplicadorsomador8/y 10 -radix bin
# isim force add /multiplicadorsomador8/clock 0 -radix bin -value 1 -radix bin -time 26 ns -repeat 52 ns
# run 1.00us
# isim force add /multiplicadorsomador8/clock 0 -radix bin -value 1 -radix bin -time 5 ns -repeat 10 ns
# isim force add /multiplicadorsomador8/clock 0 -radix bin -value 1 -radix bin -time 5 ns -repeat 10 ns
# run 1.00us
