Command line:
   Expand_isim_beh.exe
     -simmode  gui
     -simrunnum  0
     -socket  53527

Sun Jul 23 14:19:20 2017


 Elaboration Time: 0.0312 sec

 Current Memory Usage: 663.294 Meg

 Total Signals          : 4
 Total Nets             : 56
 Total Signal Drivers   : 3
 Total Blocks           : 2
 Total Primitive Blocks : 2
 Total Processes        : 3
 Total Traceable Variables  : 9
 Total Scalar Nets and Variables : 417
Total Line Count : 3

 Total Simulation Time: 0.0312 sec

 Current Memory Usage: 977.867 Meg

Sun Jul 23 14:19:55 2017

