Command line:
   CLA_isim_beh.exe
     -simmode  gui
     -simrunnum  0
     -socket  55326

Thu Jul 27 00:17:01 2017


 Elaboration Time: 0.0624 sec

 Current Memory Usage: 663.294 Meg

 Total Signals          : 73
 Total Nets             : 41
 Total Signal Drivers   : 30
 Total Blocks           : 14
 Total Primitive Blocks : 9
 Total Processes        : 22
 Total Traceable Variables  : 9
 Total Scalar Nets and Variables : 402
Total Line Count : 30
Total Line Count : 30

 Total Simulation Time: 0.078 sec

 Current Memory Usage: 977.867 Meg

Thu Jul 27 00:17:39 2017

