Command line:
   Min_isim_beh.exe
     -simmode  gui
     -simrunnum  0
     -socket  56444

Sun Jul 23 11:49:59 2017


 Elaboration Time: 0.046801 sec

 Current Memory Usage: 667.488 Meg

 Total Signals          : 889
 Total Nets             : 386
 Total Signal Drivers   : 312
 Total Blocks           : 169
 Total Primitive Blocks : 113
 Total Processes        : 240
 Total Traceable Variables  : 68
 Total Scalar Nets and Variables : 806
Total Line Count : 312

 Total Simulation Time: 0.093601 sec

 Current Memory Usage: 982.061 Meg

Sun Jul 23 11:50:31 2017

