Command line:
   ExpandNegative_isim_beh.exe
     -simmode  gui
     -simrunnum  0
     -socket  51533

Sun Jul 23 14:13:45 2017


 Elaboration Time: 0.046801 sec

 Current Memory Usage: 667.488 Meg

 Total Signals          : 1081
 Total Nets             : 537
 Total Signal Drivers   : 395
 Total Blocks           : 199
 Total Primitive Blocks : 126
 Total Processes        : 299
 Total Traceable Variables  : 64
 Total Scalar Nets and Variables : 975
Total Line Count : 395

 Total Simulation Time: 0.078001 sec

 Current Memory Usage: 982.061 Meg

Sun Jul 23 14:15:19 2017

