Command line:
   Subtrator16_isim_beh.exe
     -simmode  gui
     -simrunnum  0
     -socket  61650

Sun Jul 23 11:12:21 2017


 Elaboration Time: 0.0312 sec

 Current Memory Usage: 667.488 Meg

 Total Signals          : 815
 Total Nets             : 369
 Total Signal Drivers   : 295
 Total Blocks           : 151
 Total Primitive Blocks : 97
 Total Processes        : 223
 Total Traceable Variables  : 50
 Total Scalar Nets and Variables : 771
Total Line Count : 295

 Total Simulation Time: 0.0468 sec

 Current Memory Usage: 982.061 Meg

Sun Jul 23 11:12:58 2017

